2020-08-07T13:06:38.132Z [my-bank-api] info: File created
2020-08-07T13:06:38.134Z [my-bank-api] info: Server runing on port 3000...
2020-08-07T13:06:43.521Z [my-bank-api] info: POST /account - Sucess ✓
2020-08-07T13:06:56.643Z [my-bank-api] info: GET /account - Sucess ✓
2020-08-07T13:06:59.496Z [my-bank-api] info: GET /account - Sucess ✓
2020-08-07T13:07:04.276Z [my-bank-api] info: POST /account - Sucess ✓
2020-08-07T13:07:06.798Z [my-bank-api] info: GET /account - Sucess ✓
2020-08-07T13:07:10.689Z [my-bank-api] info: PATCH /account - Sucess ✓
2020-08-07T13:07:13.283Z [my-bank-api] info: GET /account - Sucess ✓
2020-08-07T13:07:17.000Z [my-bank-api] info: PUT /account - Sucess ✓
2020-08-07T13:07:19.531Z [my-bank-api] info: DELETE /account - Sucess ✓
2020-08-07T13:07:21.804Z [my-bank-api] info: GET /account - Sucess ✓
2020-08-07T13:09:28.582Z [my-bank-api] info: File exists
2020-08-07T13:09:28.585Z [my-bank-api] info: Server runing on port 3000...
2020-08-07T13:09:29.933Z [my-bank-api] info: File exists
2020-08-07T13:09:29.935Z [my-bank-api] info: Server runing on port 3000...
2020-08-07T13:09:32.364Z [my-bank-api] info: File exists
2020-08-07T13:09:32.367Z [my-bank-api] info: Server runing on port 3000...
2020-08-07T13:09:34.066Z [my-bank-api] info: File exists
2020-08-07T13:09:34.070Z [my-bank-api] info: Server runing on port 3000...
2020-08-07T13:09:35.868Z [my-bank-api] info: File exists
2020-08-07T13:09:35.873Z [my-bank-api] info: Server runing on port 3000...
2020-08-07T13:09:38.809Z [my-bank-api] info: File exists
2020-08-07T13:09:38.813Z [my-bank-api] info: Server runing on port 3000...
2020-08-07T13:09:44.842Z [my-bank-api] info: File exists
2020-08-07T13:09:44.845Z [my-bank-api] info: Server runing on port 3000...
2020-08-07T13:09:45.999Z [my-bank-api] info: File exists
2020-08-07T13:09:46.004Z [my-bank-api] info: Server runing on port 3000...
2020-08-07T13:09:48.182Z [my-bank-api] info: File exists
2020-08-07T13:09:48.186Z [my-bank-api] info: Server runing on port 3000...
2020-08-07T13:09:49.764Z [my-bank-api] info: File exists
2020-08-07T13:09:49.767Z [my-bank-api] info: Server runing on port 3000...
2020-08-07T13:09:50.731Z [my-bank-api] info: File exists
2020-08-07T13:09:50.733Z [my-bank-api] info: Server runing on port 3000...
2020-08-07T13:09:59.366Z [my-bank-api] info: File exists
2020-08-07T13:09:59.372Z [my-bank-api] info: Server runing on port 3000...
2020-08-07T13:10:04.006Z [my-bank-api] error: GET /account - [ERROR ✗]: ENOENT: no such file or directory, open './jsons/accounts.json'
2020-08-07T13:10:15.805Z [my-bank-api] info: File created
2020-08-07T13:10:15.810Z [my-bank-api] info: Server runing on port 3000...
